<?xml version="1.0" encoding="UTF-8"?>
<testng-results skipped="0" failed="0" ignored="0" total="3" passed="3">
  <reporter-output>
  </reporter-output>
  <suite name="Default suite" duration-ms="11827" started-at="2021-11-11T11:39:37Z" finished-at="2021-11-11T11:39:48Z">
    <groups>
      <group name="cucumber">
        <method signature="AbstractTestNGCucumberTests.runScenario(io.cucumber.testng.PickleWrapper, io.cucumber.testng.FeatureWrapper)[pri:0, instance:guru.springframework.cucumbertest.TestRunnerCucumberTest@6f3b5d16]" name="runScenario" class="io.cucumber.testng.AbstractTestNGCucumberTests"/>
      </group> <!-- cucumber -->
    </groups>
    <test name="Default test" duration-ms="11827" started-at="2021-11-11T11:39:37Z" finished-at="2021-11-11T11:39:48Z">
      <class name="guru.springframework.cucumbertest.TestRunnerCucumberTest">
        <test-method status="PASS" signature="setUpClass(org.testng.ITestContext)[pri:0, instance:guru.springframework.cucumbertest.TestRunnerCucumberTest@6f3b5d16]" name="setUpClass" is-config="true" duration-ms="280" started-at="2021-11-11T11:39:37Z" finished-at="2021-11-11T11:39:37Z">
          <params>
            <param index="0">
              <value>
                <![CDATA[org.testng.TestRunner@a7f0ab6]]>
              </value>
            </param>
          </params>
          <reporter-output>
          </reporter-output>
        </test-method> <!-- setUpClass -->
        <test-method status="PASS" signature="runScenario(io.cucumber.testng.PickleWrapper, io.cucumber.testng.FeatureWrapper)[pri:0, instance:guru.springframework.cucumbertest.TestRunnerCucumberTest@6f3b5d16]" name="runScenario" duration-ms="4463" started-at="2021-11-11T11:39:37Z" description="Runs Cucumber Scenarios" data-provider="scenarios" finished-at="2021-11-11T11:39:41Z">
          <params>
            <param index="0">
              <value>
                <![CDATA["Entering the main page"]]>
              </value>
            </param>
            <param index="1">
              <value>
                <![CDATA["Optional[Test Main Page]"]]>
              </value>
            </param>
          </params>
          <reporter-output>
          </reporter-output>
        </test-method> <!-- runScenario -->
        <test-method status="PASS" signature="runScenario(io.cucumber.testng.PickleWrapper, io.cucumber.testng.FeatureWrapper)[pri:0, instance:guru.springframework.cucumbertest.TestRunnerCucumberTest@6f3b5d16]" name="runScenario" duration-ms="3377" started-at="2021-11-11T11:39:41Z" description="Runs Cucumber Scenarios" data-provider="scenarios" finished-at="2021-11-11T11:39:45Z">
          <params>
            <param index="0">
              <value>
                <![CDATA["Product Image should be visible for the first product after navigating to the product image url"]]>
              </value>
            </param>
            <param index="1">
              <value>
                <![CDATA["Optional[Product Image Visibility Test]"]]>
              </value>
            </param>
          </params>
          <reporter-output>
          </reporter-output>
        </test-method> <!-- runScenario -->
        <test-method status="PASS" signature="runScenario(io.cucumber.testng.PickleWrapper, io.cucumber.testng.FeatureWrapper)[pri:0, instance:guru.springframework.cucumbertest.TestRunnerCucumberTest@6f3b5d16]" name="runScenario" duration-ms="3670" started-at="2021-11-11T11:39:45Z" description="Runs Cucumber Scenarios" data-provider="scenarios" finished-at="2021-11-11T11:39:48Z">
          <params>
            <param index="0">
              <value>
                <![CDATA["Product Image should be visible for the second product after navigating to the product image url"]]>
              </value>
            </param>
            <param index="1">
              <value>
                <![CDATA["Optional[Product Image Visibility Test]"]]>
              </value>
            </param>
          </params>
          <reporter-output>
          </reporter-output>
        </test-method> <!-- runScenario -->
        <test-method status="PASS" signature="tearDownClass()[pri:0, instance:guru.springframework.cucumbertest.TestRunnerCucumberTest@6f3b5d16]" name="tearDownClass" is-config="true" duration-ms="10" started-at="2021-11-11T11:39:48Z" finished-at="2021-11-11T11:39:48Z">
          <reporter-output>
          </reporter-output>
        </test-method> <!-- tearDownClass -->
      </class> <!-- guru.springframework.cucumbertest.TestRunnerCucumberTest -->
    </test> <!-- Default test -->
  </suite> <!-- Default suite -->
</testng-results>
